21:24:52.039 [main] DEBUG org.apache.poi.openxml4j.opc.PackageRelationshipCollection - Parsing relationship: /xl/worksheets/_rels/sheet2.xml.rels
21:24:52.044 [main] DEBUG org.apache.poi.openxml4j.opc.PackageRelationshipCollection - Parsing relationship: /xl/worksheets/_rels/sheet3.xml.rels
21:24:52.044 [main] DEBUG org.apache.poi.openxml4j.opc.PackageRelationshipCollection - Parsing relationship: /xl/worksheets/_rels/sheet4.xml.rels
21:24:52.045 [main] DEBUG org.apache.poi.openxml4j.opc.PackageRelationshipCollection - Parsing relationship: /_rels/.rels
21:25:07.541 [main] DEBUG org.apache.poi.openxml4j.opc.PackageRelationshipCollection - Parsing relationship: /xl/_rels/workbook.xml.rels
21:25:07.564 [main] DEBUG org.apache.poi.openxml4j.opc.PackageRelationshipCollection - Parsing relationship: /xl/worksheets/_rels/sheet2.xml.rels
21:25:07.566 [main] DEBUG org.apache.poi.openxml4j.opc.PackageRelationshipCollection - Parsing relationship: /xl/worksheets/_rels/sheet3.xml.rels
21:25:07.566 [main] DEBUG org.apache.poi.openxml4j.opc.PackageRelationshipCollection - Parsing relationship: /xl/worksheets/_rels/sheet4.xml.rels
21:25:07.566 [main] DEBUG org.apache.poi.openxml4j.opc.PackageRelationshipCollection - Parsing relationship: /_rels/.rels
22:00:20.515 [main] INFO  baseClass.BaseClass - User Navigation to the page............
22:00:20.533 [main] INFO  baseClass.BaseClass - User close the Ads......
22:00:25.705 [main] INFO  baseClass.BaseClass - User click the Cab Button On Home Page
22:00:27.147 [main] INFO  baseClass.BaseClass - User Click on th One Way Cab Button
22:00:27.379 [main] INFO  baseClass.BaseClass - Cab Page ---> From Button
22:00:27.478 [main] INFO  baseClass.BaseClass - Cab Page ---> From input
22:00:34.992 [main] INFO  baseClass.BaseClass - Cab Page ---> To Button
22:00:35.035 [main] INFO  baseClass.BaseClass - Cab Page ---> To input
22:00:40.281 [main] INFO  baseClass.BaseClass - Cab Page ---> User input the Date
22:00:40.405 [main] INFO  baseClass.BaseClass - Cab Page ---> User input the Hours
22:00:40.675 [main] INFO  baseClass.BaseClass - Cab Page ---> User input the Minutes
22:00:40.775 [main] INFO  baseClass.BaseClass - Cab Page ---> User input the Meridian
22:00:40.870 [main] INFO  baseClass.BaseClass - Cab Page ---> User click the apply button
22:00:40.957 [main] INFO  baseClass.BaseClass - Cab Page ---> User click the search Button
22:00:42.030 [main] INFO  baseClass.BaseClass - Cab Page ---> User Sort the Car
22:00:44.857 [main] INFO  baseClass.BaseClass - Cab Page ---> User click the Lowest to Highest Price
22:00:44.885 [main] INFO  baseClass.BaseClass - Cab Page ---> User click the Car SUV
22:00:44.981 [main] INFO  baseClass.BaseClass - Cab Page ---> User get the lowest price
22:00:45.011 [main] INFO  baseClass.BaseClass - Cab Page ---> User get the Price List
22:00:45.052 [main] INFO  baseClass.BaseClass - Cab Page ---> Lowest Price Printed
22:00:59.468 [main] INFO  baseClass.BaseClass - User Navigation to the page............
22:00:59.470 [main] INFO  baseClass.BaseClass - User close the Ads......
22:01:04.659 [main] INFO  baseClass.BaseClass - User click the Cab Button On Home Page
22:01:06.066 [main] INFO  baseClass.BaseClass - Cab Page ---> User click the search Button
22:01:07.362 [main] INFO  baseClass.BaseClass - Cab Page ---> User Click the More Options
22:01:07.447 [main] INFO  baseClass.BaseClass - Cab Page ---> User click the Gift In More Options
22:01:09.237 [main] INFO  baseClass.BaseClass - Gift Page ---> User click the Birthday Gift
22:01:12.265 [main] INFO  baseClass.BaseClass - Gift Page ---> User click the Email Button
22:01:12.424 [main] INFO  baseClass.BaseClass - User Enter the Recipients and Sender Name
22:01:12.625 [main] INFO  baseClass.BaseClass - User Enter the Recipients and Sender Mobile Number
22:01:12.806 [main] INFO  baseClass.BaseClass - User Enter the Recipients and Sender Mail ID
22:01:13.050 [main] INFO  baseClass.BaseClass - User Enter the compose Message
22:01:13.209 [main] INFO  baseClass.BaseClass - User click the buy Now Button After Enter all Details
22:01:36.978 [main] INFO  baseClass.BaseClass - User Navigation to the page............
22:01:36.978 [main] INFO  baseClass.BaseClass - User close the Ads......
22:01:42.119 [main] INFO  baseClass.BaseClass - User Click the Hotel Option in Home Page
22:01:43.637 [main] INFO  baseClass.BaseClass - User click the location button
22:01:43.973 [main] INFO  baseClass.BaseClass - User enter the location name
22:01:44.716 [main] INFO  baseClass.BaseClass - User click the Suggestion location
22:01:46.875 [main] INFO  baseClass.BaseClass - User click the checkIn button
22:01:46.964 [main] INFO  baseClass.BaseClass - User enter the check In Date
22:01:47.035 [main] INFO  baseClass.BaseClass - User click the checkout button
22:01:47.109 [main] INFO  baseClass.BaseClass - User enter the check out Date
22:01:47.167 [main] INFO  baseClass.BaseClass - User select the room button
